<?xml version="1.0" encoding="UTF-8"?>
<!-- Generated by org.testng.reporters.JUnitReportReporter -->
<testsuite skipped="0" hostname="hp" name="cucumberOptions.TestngTestRunner" tests="6" failures="0" timestamp="2022-01-25T22:16:27 IST" time="0.167" errors="0">
  <testcase name="runScenario" time="0.010" classname="cucumberOptions.TestngTestRunner"/>
  <system-out/>
  <testcase name="runScenario" time="0.008" classname="cucumberOptions.TestngTestRunner"/>
  <system-out/>
  <testcase name="runScenario" time="0.127" classname="cucumberOptions.TestngTestRunner"/>
  <system-out/>
  <testcase name="runScenario" time="0.006" classname="cucumberOptions.TestngTestRunner"/>
  <system-out/>
  <testcase name="runScenario" time="0.006" classname="cucumberOptions.TestngTestRunner"/>
  <system-out/>
  <testcase name="runScenario" time="0.010" classname="cucumberOptions.TestngTestRunner"/>
  <system-out/>
</testsuite> <!-- cucumberOptions.TestngTestRunner -->
